<?xml version="1.0" encoding="UTF-8"?>
<!-- Generated by org.testng.reporters.JUnitReportReporter -->
<testsuite hostname="DESKTOP-FOELMIA" failures="0" tests="4" name="Day1.HTTPRequests" time="8.477" errors="0" timestamp="2024-03-23T15:22:04 IST" skipped="0">
  <testcase classname="Day1.HTTPRequests" name="getSingleUser" time="5.507"/>
  <testcase classname="Day1.HTTPRequests" name="createUser" time="1.303"/>
  <testcase classname="Day1.HTTPRequests" name="updateUser" time="0.749"/>
  <testcase classname="Day1.HTTPRequests" name="deleteUser" time="0.918"/>
</testsuite> <!-- Day1.HTTPRequests -->
