<?xml version="1.0" encoding="UTF-8"?>
<!-- Generated by org.testng.reporters.JUnitReportReporter -->
<testsuite hostname="DESKTOP-FOELMIA" failures="0" tests="4" name="Day1.HTTPRequests" time="7.976" errors="0" timestamp="2024-03-26T14:41:11 IST" skipped="0">
  <testcase classname="Day1.HTTPRequests" name="getSingleUser" time="4.524"/>
  <testcase classname="Day1.HTTPRequests" name="createUser" time="1.693"/>
  <testcase classname="Day1.HTTPRequests" name="updateUser" time="0.860"/>
  <testcase classname="Day1.HTTPRequests" name="deleteUser" time="0.899"/>
</testsuite> <!-- Day1.HTTPRequests -->
